[debug] [2025-11-18T07:11:08.975Z] ----------------------------------------------------------------------
[debug] [2025-11-18T07:11:08.978Z] Command:       C:\nvm4w\nodejs\node.exe C:\Users\pc\AppData\Roaming\npm\node_modules\firebase-tools\lib\bin\firebase.js projects:list
[debug] [2025-11-18T07:11:08.978Z] CLI Version:   14.1.0
[debug] [2025-11-18T07:11:08.979Z] Platform:      win32
[debug] [2025-11-18T07:11:08.979Z] Node Version:  v20.19.0
[debug] [2025-11-18T07:11:08.979Z] Time:          Tue Nov 18 2025 13:11:08 GMT+0600 (Bangladesh Standard Time)
[debug] [2025-11-18T07:11:08.979Z] ----------------------------------------------------------------------
[debug] 
[debug] [2025-11-18T07:11:08.985Z] > command requires scopes: ["email","openid","https://www.googleapis.com/auth/cloudplatformprojects.readonly","https://www.googleapis.com/auth/firebase","https://www.googleapis.com/auth/cloud-platform"]
[debug] [2025-11-18T07:11:08.986Z] > authorizing via signed-in user (taysir8980@gmail.com)
[debug] [2025-11-18T07:11:08.991Z] Checked if tokens are valid: false, expires at: 1744190977940
[debug] [2025-11-18T07:11:08.991Z] Checked if tokens are valid: false, expires at: 1744190977940
[debug] [2025-11-18T07:11:08.992Z] > refreshing access token with scopes: []
[debug] [2025-11-18T07:11:08.994Z] >>> [apiv2][query] POST https://www.googleapis.com/oauth2/v3/token [none]
[debug] [2025-11-18T07:11:08.994Z] >>> [apiv2][body] POST https://www.googleapis.com/oauth2/v3/token [omitted]
[debug] [2025-11-18T07:11:09.452Z] <<< [apiv2][status] POST https://www.googleapis.com/oauth2/v3/token 400
[debug] [2025-11-18T07:11:09.452Z] <<< [apiv2][body] POST https://www.googleapis.com/oauth2/v3/token [omitted]
[debug] [2025-11-18T07:11:09.455Z] >>> [apiv2][query] GET https://firebase.googleapis.com/v1beta1/projects pageSize=1000
[debug] [2025-11-18T07:11:09.893Z] <<< [apiv2][status] GET https://firebase.googleapis.com/v1beta1/projects 401
[debug] [2025-11-18T07:11:09.894Z] <<< [apiv2][body] GET https://firebase.googleapis.com/v1beta1/projects [omitted]
[debug] [2025-11-18T07:11:09.894Z] Got a 401 Unauthenticated error for a call that required authentication. Refreshing tokens.
[debug] [2025-11-18T07:11:09.894Z] Checked if tokens are valid: false, expires at: 1744190977940
[debug] [2025-11-18T07:11:09.894Z] Checked if tokens are valid: false, expires at: 1744190977940
[debug] [2025-11-18T07:11:09.894Z] > refreshing access token with scopes: []
[debug] [2025-11-18T07:11:09.895Z] >>> [apiv2][query] POST https://www.googleapis.com/oauth2/v3/token [none]
[debug] [2025-11-18T07:11:09.895Z] >>> [apiv2][body] POST https://www.googleapis.com/oauth2/v3/token [omitted]
[debug] [2025-11-18T07:11:10.069Z] <<< [apiv2][status] POST https://www.googleapis.com/oauth2/v3/token 400
[debug] [2025-11-18T07:11:10.069Z] <<< [apiv2][body] POST https://www.googleapis.com/oauth2/v3/token [omitted]
[debug] [2025-11-18T07:11:10.072Z] Request to https://firebase.googleapis.com/v1beta1/projects?pageSize=1000 had HTTP Error: 401, Request had invalid authentication credentials. Expected OAuth 2 access token, login cookie or other valid authentication credential. See https://developers.google.com/identity/sign-in/web/devconsole-project.
[debug] [2025-11-18T07:11:10.420Z] FirebaseError: Request to https://firebase.googleapis.com/v1beta1/projects?pageSize=1000 had HTTP Error: 401, Request had invalid authentication credentials. Expected OAuth 2 access token, login cookie or other valid authentication credential. See https://developers.google.com/identity/sign-in/web/devconsole-project.
    at responseToError (C:\Users\pc\AppData\Roaming\npm\node_modules\firebase-tools\lib\responseToError.js:52:12)
    at RetryOperation._fn (C:\Users\pc\AppData\Roaming\npm\node_modules\firebase-tools\lib\apiv2.js:312:77)
    at process.processTicksAndRejections (node:internal/process/task_queues:95:5)
[error] 
[error] Error: Failed to list Firebase projects. See firebase-debug.log for more info.
[debug] [2025-11-18T07:11:19.081Z] ----------------------------------------------------------------------
[debug] [2025-11-18T07:11:19.086Z] Command:       C:\nvm4w\nodejs\node.exe C:\Users\pc\AppData\Roaming\npm\node_modules\firebase-tools\lib\bin\firebase.js projects:list
[debug] [2025-11-18T07:11:19.086Z] CLI Version:   14.1.0
[debug] [2025-11-18T07:11:19.087Z] Platform:      win32
[debug] [2025-11-18T07:11:19.087Z] Node Version:  v20.19.0
[debug] [2025-11-18T07:11:19.087Z] Time:          Tue Nov 18 2025 13:11:19 GMT+0600 (Bangladesh Standard Time)
[debug] [2025-11-18T07:11:19.087Z] ----------------------------------------------------------------------
[debug] 
[debug] [2025-11-18T07:11:19.095Z] > command requires scopes: ["email","openid","https://www.googleapis.com/auth/cloudplatformprojects.readonly","https://www.googleapis.com/auth/firebase","https://www.googleapis.com/auth/cloud-platform"]
[debug] [2025-11-18T07:11:19.096Z] > authorizing via signed-in user (taysir8980@gmail.com)
[debug] [2025-11-18T07:11:19.102Z] Checked if tokens are valid: false, expires at: 1744190977940
[debug] [2025-11-18T07:11:19.102Z] Checked if tokens are valid: false, expires at: 1744190977940
[debug] [2025-11-18T07:11:19.102Z] > refreshing access token with scopes: []
[debug] [2025-11-18T07:11:19.105Z] >>> [apiv2][query] POST https://www.googleapis.com/oauth2/v3/token [none]
[debug] [2025-11-18T07:11:19.105Z] >>> [apiv2][body] POST https://www.googleapis.com/oauth2/v3/token [omitted]
[debug] [2025-11-18T07:11:19.504Z] <<< [apiv2][status] POST https://www.googleapis.com/oauth2/v3/token 400
[debug] [2025-11-18T07:11:19.505Z] <<< [apiv2][body] POST https://www.googleapis.com/oauth2/v3/token [omitted]
[debug] [2025-11-18T07:11:19.506Z] >>> [apiv2][query] GET https://firebase.googleapis.com/v1beta1/projects pageSize=1000
[debug] [2025-11-18T07:11:21.007Z] <<< [apiv2][status] GET https://firebase.googleapis.com/v1beta1/projects 401
[debug] [2025-11-18T07:11:21.007Z] <<< [apiv2][body] GET https://firebase.googleapis.com/v1beta1/projects [omitted]
[debug] [2025-11-18T07:11:21.007Z] Got a 401 Unauthenticated error for a call that required authentication. Refreshing tokens.
[debug] [2025-11-18T07:11:21.007Z] Checked if tokens are valid: false, expires at: 1744190977940
[debug] [2025-11-18T07:11:21.007Z] Checked if tokens are valid: false, expires at: 1744190977940
[debug] [2025-11-18T07:11:21.007Z] > refreshing access token with scopes: []
[debug] [2025-11-18T07:11:21.008Z] >>> [apiv2][query] POST https://www.googleapis.com/oauth2/v3/token [none]
[debug] [2025-11-18T07:11:21.008Z] >>> [apiv2][body] POST https://www.googleapis.com/oauth2/v3/token [omitted]
[debug] [2025-11-18T07:11:21.221Z] <<< [apiv2][status] POST https://www.googleapis.com/oauth2/v3/token 400
[debug] [2025-11-18T07:11:21.221Z] <<< [apiv2][body] POST https://www.googleapis.com/oauth2/v3/token [omitted]
[debug] [2025-11-18T07:11:21.223Z] Request to https://firebase.googleapis.com/v1beta1/projects?pageSize=1000 had HTTP Error: 401, Request had invalid authentication credentials. Expected OAuth 2 access token, login cookie or other valid authentication credential. See https://developers.google.com/identity/sign-in/web/devconsole-project.
[debug] [2025-11-18T07:11:21.595Z] FirebaseError: Request to https://firebase.googleapis.com/v1beta1/projects?pageSize=1000 had HTTP Error: 401, Request had invalid authentication credentials. Expected OAuth 2 access token, login cookie or other valid authentication credential. See https://developers.google.com/identity/sign-in/web/devconsole-project.
    at responseToError (C:\Users\pc\AppData\Roaming\npm\node_modules\firebase-tools\lib\responseToError.js:52:12)
    at RetryOperation._fn (C:\Users\pc\AppData\Roaming\npm\node_modules\firebase-tools\lib\apiv2.js:312:77)
    at process.processTicksAndRejections (node:internal/process/task_queues:95:5)
[error] 
[error] Error: Failed to list Firebase projects. See firebase-debug.log for more info.
